build/outputs/logs/manifest-merger-debug-report.txt
-- Merging decision tree log ---
manifest
ADDED from android_my/Moments/AndroidManifest.xml:2:1-232:12
	xmlns:android
		ADDED from android_my/Moments/AndroidManifest.xml:2:11-69
	package
		ADDED from android_my/Moments/AndroidManifest.xml:3:5-31
	android:versionName
		ADDED from android_my/Moments/AndroidManifest.xml:5:5-32
		INJECTED from android_my/Moments/AndroidManifest.xml
		INJECTED from android_my/Moments/AndroidManifest.xml
	android:versionCode
		ADDED from android_my/Moments/AndroidManifest.xml:4:5-29
		INJECTED from android_my/Moments/AndroidManifest.xml
		INJECTED from android_my/Moments/AndroidManifest.xml
uses-permission#android.permission.ACCESS_NETWORK_STATE
ADDED from android_my/Moments/AndroidManifest.xml:7:5-79
MERGED from [Moments:IMKit:unspecified] AndroidManifest.xml:22:5-79
	android:name
		ADDED from android_my/Moments/AndroidManifest.xml:7:22-76
uses-permission#android.permission.ACCESS_WIFI_STATE
ADDED from android_my/Moments/AndroidManifest.xml:8:5-76
MERGED from [Moments:IMKit:unspecified] AndroidManifest.xml:20:5-76
	android:name
		ADDED from android_my/Moments/AndroidManifest.xml:8:22-73
uses-permission#android.permission.INTERNET
ADDED from android_my/Moments/AndroidManifest.xml:9:5-67
MERGED from [Moments:IMKit:unspecified] AndroidManifest.xml:12:5-67
MERGED from [Moments:WXLikeVideoRecorderLib:unspecified] AndroidManifest.xml:12:5-67
	android:name
		ADDED from android_my/Moments/AndroidManifest.xml:9:22-64
uses-permission#android.permission.WRITE_EXTERNAL_STORAGE
ADDED from android_my/Moments/AndroidManifest.xml:10:5-81
MERGED from [Moments:IMKit:unspecified] AndroidManifest.xml:11:5-81
MERGED from [Moments:WXLikeVideoRecorderLib:unspecified] AndroidManifest.xml:15:5-81
	android:name
		ADDED from android_my/Moments/AndroidManifest.xml:10:22-78
uses-permission#android.permission.MOUNT_UNMOUNT_FILESYSTEMS
ADDED from android_my/Moments/AndroidManifest.xml:11:5-84
	android:name
		ADDED from android_my/Moments/AndroidManifest.xml:11:22-81
uses-permission#android.permission.CHANGE_WIFI_STATE
ADDED from android_my/Moments/AndroidManifest.xml:12:5-76
	android:name
		ADDED from android_my/Moments/AndroidManifest.xml:12:22-73
uses-permission#android.permission.CHANGE_NETWORK_STATE
ADDED from android_my/Moments/AndroidManifest.xml:13:5-79
	android:name
		ADDED from android_my/Moments/AndroidManifest.xml:13:22-76
uses-permission#android.permission.WAKE_LOCK
ADDED from android_my/Moments/AndroidManifest.xml:14:5-68
MERGED from [Moments:IMKit:unspecified] AndroidManifest.xml:29:5-68
MERGED from [Moments:WXLikeVideoRecorderLib:unspecified] AndroidManifest.xml:14:5-68
	android:name
		ADDED from android_my/Moments/AndroidManifest.xml:14:22-65
uses-permission#android.permission.GET_TASKS
ADDED from android_my/Moments/AndroidManifest.xml:15:5-68
MERGED from [Moments:IMKit:unspecified] AndroidManifest.xml:16:5-68
	android:name
		ADDED from android_my/Moments/AndroidManifest.xml:15:22-65
uses-permission#android.permission.CALL_PHONE
ADDED from android_my/Moments/AndroidManifest.xml:16:5-69
	android:name
		ADDED from android_my/Moments/AndroidManifest.xml:16:22-66
uses-permission#android.permission.READ_PHONE_STATE
ADDED from android_my/Moments/AndroidManifest.xml:17:5-75
MERGED from [Moments:IMKit:unspecified] AndroidManifest.xml:15:5-75
	android:name
		ADDED from android_my/Moments/AndroidManifest.xml:17:22-72
uses-permission#android.permission.READ_LOGS
ADDED from android_my/Moments/AndroidManifest.xml:19:5-20:23
	android:name
		ADDED from android_my/Moments/AndroidManifest.xml:19:22-65
uses-sdk
ADDED from android_my/Moments/AndroidManifest.xml:22:5-24:41
MERGED from [Moments:IMKit:unspecified] AndroidManifest.xml:7:5-9:41
MERGED from [Moments:WXLikeVideoRecorderLib:unspecified] AndroidManifest.xml:7:5-9:41
MERGED from [com.yqritc:android-scalablevideoview:1.0.3] AndroidManifest.xml:8:5-10:41
MERGED from [com.zhy:okhttputils:2.4.1] AndroidManifest.xml:7:5-9:41
MERGED from [com.android.support:recyclerview-v7:23.1.1] AndroidManifest.xml:20:5-43
MERGED from [com.android.support:support-v4:23.1.1] AndroidManifest.xml:20:5-43
	android:targetSdkVersion
		ADDED from android_my/Moments/AndroidManifest.xml:24:9-38
	android:minSdkVersion
		ADDED from android_my/Moments/AndroidManifest.xml:23:9-35
application
ADDED from android_my/Moments/AndroidManifest.xml:26:5-230:19
MERGED from [Moments:IMKit:unspecified] AndroidManifest.xml:34:5-115:19
MERGED from [com.android.support:support-v4:23.1.1] AndroidManifest.xml:22:5-20
	android:label
		ADDED from android_my/Moments/AndroidManifest.xml:30:9-41
	android:allowBackup
		ADDED from android_my/Moments/AndroidManifest.xml:28:9-35
	android:icon
		ADDED from android_my/Moments/AndroidManifest.xml:29:9-45
	android:theme
		ADDED from android_my/Moments/AndroidManifest.xml:31:9-40
	android:name
		ADDED from android_my/Moments/AndroidManifest.xml:27:9-54
activity#com.anda.moments.ui.SplashActivity
ADDED from android_my/Moments/AndroidManifest.xml:32:9-42:20
	android:screenOrientation
		ADDED from android_my/Moments/AndroidManifest.xml:36:13-49
	android:label
		ADDED from android_my/Moments/AndroidManifest.xml:34:13-45
	android:name
		ADDED from android_my/Moments/AndroidManifest.xml:33:13-62
	android:launchMode
		ADDED from android_my/Moments/AndroidManifest.xml:35:13-44
intent-filter#android.intent.action.MAIN+android.intent.category.LAUNCHER
ADDED from android_my/Moments/AndroidManifest.xml:37:13-41:29
action#android.intent.action.MAIN
ADDED from android_my/Moments/AndroidManifest.xml:38:17-69
	android:name
		ADDED from android_my/Moments/AndroidManifest.xml:38:25-66
category#android.intent.category.LAUNCHER
ADDED from android_my/Moments/AndroidManifest.xml:40:17-77
	android:name
		ADDED from android_my/Moments/AndroidManifest.xml:40:27-74
activity#com.anda.moments.ui.LoginActivity
ADDED from android_my/Moments/AndroidManifest.xml:44:9-47:47
	android:screenOrientation
		ADDED from android_my/Moments/AndroidManifest.xml:46:13-49
	android:label
		ADDED from android_my/Moments/AndroidManifest.xml:45:13-31
	android:name
		ADDED from android_my/Moments/AndroidManifest.xml:44:19-51
	android:launchMode
		ADDED from android_my/Moments/AndroidManifest.xml:47:13-44
activity#com.anda.moments.ui.MainActivity
ADDED from android_my/Moments/AndroidManifest.xml:48:9-53:15
	android:screenOrientation
		ADDED from android_my/Moments/AndroidManifest.xml:52:13-49
	android:label
		ADDED from android_my/Moments/AndroidManifest.xml:50:13-32
	android:name
		ADDED from android_my/Moments/AndroidManifest.xml:49:13-60
	android:launchMode
		ADDED from android_my/Moments/AndroidManifest.xml:51:13-44
activity#com.anda.moments.ui.CircleDetailActivity
ADDED from android_my/Moments/AndroidManifest.xml:54:9-58:15
	android:screenOrientation
		ADDED from android_my/Moments/AndroidManifest.xml:57:13-49
	android:label
		ADDED from android_my/Moments/AndroidManifest.xml:55:13-33
	android:name
		ADDED from android_my/Moments/AndroidManifest.xml:54:19-58
	android:launchMode
		ADDED from android_my/Moments/AndroidManifest.xml:56:13-44
activity#com.anda.moments.ui.publish.PublishActivity
ADDED from android_my/Moments/AndroidManifest.xml:61:9-64:15
	android:screenOrientation
		ADDED from android_my/Moments/AndroidManifest.xml:63:13-49
	android:label
		ADDED from android_my/Moments/AndroidManifest.xml:62:13-31
	android:name
		ADDED from android_my/Moments/AndroidManifest.xml:61:19-61
activity#com.anda.moments.ui.publish.PublishPictureActivity
ADDED from android_my/Moments/AndroidManifest.xml:66:9-70:15
	android:screenOrientation
		ADDED from android_my/Moments/AndroidManifest.xml:69:13-49
	android:label
		ADDED from android_my/Moments/AndroidManifest.xml:67:13-33
	android:name
		ADDED from android_my/Moments/AndroidManifest.xml:66:19-68
	android:launchMode
		ADDED from android_my/Moments/AndroidManifest.xml:68:13-44
activity#com.anda.moments.ui.publish.PhotoActivity
ADDED from android_my/Moments/AndroidManifest.xml:71:9-74:15
	android:screenOrientation
		ADDED from android_my/Moments/AndroidManifest.xml:73:13-49
	android:label
		ADDED from android_my/Moments/AndroidManifest.xml:72:13-33
	android:name
		ADDED from android_my/Moments/AndroidManifest.xml:71:19-59
activity#com.anda.moments.ui.publish.SelectPicActivity
ADDED from android_my/Moments/AndroidManifest.xml:75:9-78:15
	android:screenOrientation
		ADDED from android_my/Moments/AndroidManifest.xml:77:13-49
	android:label
		ADDED from android_my/Moments/AndroidManifest.xml:76:13-33
	android:name
		ADDED from android_my/Moments/AndroidManifest.xml:75:19-63
activity#com.anda.moments.ui.publish.ImageGridActivity
ADDED from android_my/Moments/AndroidManifest.xml:79:9-82:15
	android:screenOrientation
		ADDED from android_my/Moments/AndroidManifest.xml:81:13-49
	android:label
		ADDED from android_my/Moments/AndroidManifest.xml:80:13-33
	android:name
		ADDED from android_my/Moments/AndroidManifest.xml:79:19-63
activity#com.anda.moments.ui.ImagePagerActivity
ADDED from android_my/Moments/AndroidManifest.xml:83:9-86:15
	android:screenOrientation
		ADDED from android_my/Moments/AndroidManifest.xml:85:13-49
	android:label
		ADDED from android_my/Moments/AndroidManifest.xml:84:13-35
	android:name
		ADDED from android_my/Moments/AndroidManifest.xml:83:19-56
activity#com.anda.moments.ui.publish.PublishTextActivity
ADDED from android_my/Moments/AndroidManifest.xml:89:9-92:15
	android:screenOrientation
		ADDED from android_my/Moments/AndroidManifest.xml:91:13-49
	android:label
		ADDED from android_my/Moments/AndroidManifest.xml:90:13-33
	android:name
		ADDED from android_my/Moments/AndroidManifest.xml:89:19-65
activity#com.anda.moments.ui.publish.PublishVoiceActivity
ADDED from android_my/Moments/AndroidManifest.xml:93:9-96:15
	android:screenOrientation
		ADDED from android_my/Moments/AndroidManifest.xml:95:13-49
	android:label
		ADDED from android_my/Moments/AndroidManifest.xml:94:13-33
	android:name
		ADDED from android_my/Moments/AndroidManifest.xml:93:19-66
activity#com.anda.moments.ui.publish.PublishVideoActivity
ADDED from android_my/Moments/AndroidManifest.xml:97:9-100:15
	android:screenOrientation
		ADDED from android_my/Moments/AndroidManifest.xml:99:13-49
	android:label
		ADDED from android_my/Moments/AndroidManifest.xml:98:13-33
	android:name
		ADDED from android_my/Moments/AndroidManifest.xml:97:19-66
activity#com.anda.moments.ui.publish.PublishVideoSecondActivity
ADDED from android_my/Moments/AndroidManifest.xml:101:9-104:15
	android:screenOrientation
		ADDED from android_my/Moments/AndroidManifest.xml:103:13-49
	android:label
		ADDED from android_my/Moments/AndroidManifest.xml:102:13-33
	android:name
		ADDED from android_my/Moments/AndroidManifest.xml:101:19-72
activity#com.anda.moments.ui.VideoDetailActivity
ADDED from android_my/Moments/AndroidManifest.xml:105:9-108:15
	android:screenOrientation
		ADDED from android_my/Moments/AndroidManifest.xml:107:13-49
	android:label
		ADDED from android_my/Moments/AndroidManifest.xml:106:13-33
	android:name
		ADDED from android_my/Moments/AndroidManifest.xml:105:19-57
activity#com.anda.moments.ui.UserInfoActivity
ADDED from android_my/Moments/AndroidManifest.xml:110:9-116:20
	android:screenOrientation
		ADDED from android_my/Moments/AndroidManifest.xml:114:13-49
	android:label
		ADDED from android_my/Moments/AndroidManifest.xml:112:13-33
	android:name
		ADDED from android_my/Moments/AndroidManifest.xml:111:13-48
	android:launchMode
		ADDED from android_my/Moments/AndroidManifest.xml:113:13-44
activity#com.anda.moments.ui.UpdateInfoActivity
ADDED from android_my/Moments/AndroidManifest.xml:117:9-124:20
	android:windowSoftInputMode
		ADDED from android_my/Moments/AndroidManifest.xml:121:13-61
	android:screenOrientation
		ADDED from android_my/Moments/AndroidManifest.xml:122:13-49
	android:label
		ADDED from android_my/Moments/AndroidManifest.xml:119:13-33
	android:name
		ADDED from android_my/Moments/AndroidManifest.xml:118:13-50
	android:launchMode
		ADDED from android_my/Moments/AndroidManifest.xml:120:13-44
activity#com.anda.moments.ui.PersonalInfoActivity
ADDED from android_my/Moments/AndroidManifest.xml:125:9-128:15
	android:screenOrientation
		ADDED from android_my/Moments/AndroidManifest.xml:127:13-49
	android:label
		ADDED from android_my/Moments/AndroidManifest.xml:126:13-33
	android:name
		ADDED from android_my/Moments/AndroidManifest.xml:125:19-58
activity#com.anda.moments.ui.UserHomeActivity
ADDED from android_my/Moments/AndroidManifest.xml:129:9-132:15
	android:screenOrientation
		ADDED from android_my/Moments/AndroidManifest.xml:131:13-49
	android:label
		ADDED from android_my/Moments/AndroidManifest.xml:130:13-33
	android:name
		ADDED from android_my/Moments/AndroidManifest.xml:129:19-54
activity#com.anda.moments.ui.SettingActivity
ADDED from android_my/Moments/AndroidManifest.xml:133:9-136:15
	android:screenOrientation
		ADDED from android_my/Moments/AndroidManifest.xml:135:13-49
	android:label
		ADDED from android_my/Moments/AndroidManifest.xml:134:13-31
	android:name
		ADDED from android_my/Moments/AndroidManifest.xml:133:19-53
activity#com.anda.moments.ui.SecretSettingActivity
ADDED from android_my/Moments/AndroidManifest.xml:137:9-140:15
	android:screenOrientation
		ADDED from android_my/Moments/AndroidManifest.xml:139:13-49
	android:label
		ADDED from android_my/Moments/AndroidManifest.xml:138:13-33
	android:name
		ADDED from android_my/Moments/AndroidManifest.xml:137:19-59
activity#com.anda.moments.ui.ProvinceCityActivity
ADDED from android_my/Moments/AndroidManifest.xml:141:9-144:15
	android:screenOrientation
		ADDED from android_my/Moments/AndroidManifest.xml:143:13-49
	android:label
		ADDED from android_my/Moments/AndroidManifest.xml:142:13-31
	android:name
		ADDED from android_my/Moments/AndroidManifest.xml:141:19-58
activity#com.anda.moments.ui.CityActivity
ADDED from android_my/Moments/AndroidManifest.xml:145:9-148:15
	android:screenOrientation
		ADDED from android_my/Moments/AndroidManifest.xml:147:13-49
	android:label
		ADDED from android_my/Moments/AndroidManifest.xml:146:13-33
	android:name
		ADDED from android_my/Moments/AndroidManifest.xml:145:19-50
activity#com.anda.moments.ui.AddFriendsActivity
ADDED from android_my/Moments/AndroidManifest.xml:150:9-153:15
	android:screenOrientation
		ADDED from android_my/Moments/AndroidManifest.xml:152:13-49
	android:label
		ADDED from android_my/Moments/AndroidManifest.xml:151:13-33
	android:name
		ADDED from android_my/Moments/AndroidManifest.xml:150:19-56
activity#com.anda.moments.ui.NewFriendsListActivity
ADDED from android_my/Moments/AndroidManifest.xml:154:9-157:15
	android:screenOrientation
		ADDED from android_my/Moments/AndroidManifest.xml:156:13-49
	android:label
		ADDED from android_my/Moments/AndroidManifest.xml:155:13-34
	android:name
		ADDED from android_my/Moments/AndroidManifest.xml:154:19-60
activity#com.anda.moments.ui.ConversationActivity
ADDED from android_my/Moments/AndroidManifest.xml:159:9-175:20
	android:windowSoftInputMode
		ADDED from android_my/Moments/AndroidManifest.xml:162:13-67
	android:screenOrientation
		ADDED from android_my/Moments/AndroidManifest.xml:160:13-49
	android:label
		ADDED from android_my/Moments/AndroidManifest.xml:161:13-33
	android:name
		ADDED from android_my/Moments/AndroidManifest.xml:159:19-58
intent-filter#android.intent.action.VIEW+android.intent.category.DEFAULT
ADDED from android_my/Moments/AndroidManifest.xml:163:13-173:29
action#android.intent.action.VIEW
ADDED from android_my/Moments/AndroidManifest.xml:164:17-76
	android:name
		ADDED from android_my/Moments/AndroidManifest.xml:164:25-66
category#android.intent.category.DEFAULT
ADDED from android_my/Moments/AndroidManifest.xml:166:17-85
	android:name
		ADDED from android_my/Moments/AndroidManifest.xml:166:27-73
data
ADDED from android_my/Moments/AndroidManifest.xml:167:17-171:29
	android:host
		ADDED from android_my/Moments/AndroidManifest.xml:168:21-52
	android:pathPrefix
		ADDED from android_my/Moments/AndroidManifest.xml:169:21-56
	android:scheme
		ADDED from android_my/Moments/AndroidManifest.xml:170:21-42
activity#com.anda.moments.ui.ConversationListActivity
ADDED from android_my/Moments/AndroidManifest.xml:178:9-193:20
	android:windowSoftInputMode
		ADDED from android_my/Moments/AndroidManifest.xml:181:13-67
	android:screenOrientation
		ADDED from android_my/Moments/AndroidManifest.xml:180:13-49
	android:name
		ADDED from android_my/Moments/AndroidManifest.xml:179:13-56
service#com.umeng.update.net.DownloadingService
ADDED from android_my/Moments/AndroidManifest.xml:202:9-205:19
	android:process
		ADDED from android_my/Moments/AndroidManifest.xml:204:13-50
	android:name
		ADDED from android_my/Moments/AndroidManifest.xml:203:13-67
activity#com.umeng.update.UpdateDialogActivity
ADDED from android_my/Moments/AndroidManifest.xml:207:9-210:20
	android:theme
		ADDED from android_my/Moments/AndroidManifest.xml:209:13-72
	android:name
		ADDED from android_my/Moments/AndroidManifest.xml:208:13-65
meta-data#UMENG_APPKEY
ADDED from android_my/Moments/AndroidManifest.xml:222:9-224:56
	android:name
		ADDED from android_my/Moments/AndroidManifest.xml:223:13-40
	android:value
		ADDED from android_my/Moments/AndroidManifest.xml:224:13-53
meta-data#UMENG_CHANNEL
ADDED from android_my/Moments/AndroidManifest.xml:225:9-227:37
	android:name
		ADDED from android_my/Moments/AndroidManifest.xml:226:13-41
	android:value
		ADDED from android_my/Moments/AndroidManifest.xml:227:13-34
uses-permission#android.permission.ACCESS_COARSE_LOCATION
ADDED from [Moments:IMKit:unspecified] AndroidManifest.xml:13:5-81
	android:name
		ADDED from [Moments:IMKit:unspecified] AndroidManifest.xml:13:22-78
uses-permission#android.permission.INTERACT_ACROSS_USERS_FULL
ADDED from [Moments:IMKit:unspecified] AndroidManifest.xml:17:5-85
	android:name
		ADDED from [Moments:IMKit:unspecified] AndroidManifest.xml:17:22-82
uses-permission#android.permission.CAMERA
ADDED from [Moments:IMKit:unspecified] AndroidManifest.xml:23:5-65
MERGED from [Moments:WXLikeVideoRecorderLib:unspecified] AndroidManifest.xml:11:5-65
	android:name
		ADDED from [Moments:IMKit:unspecified] AndroidManifest.xml:23:22-62
uses-permission#android.permission.RECORD_AUDIO
ADDED from [Moments:IMKit:unspecified] AndroidManifest.xml:25:5-71
MERGED from [Moments:WXLikeVideoRecorderLib:unspecified] AndroidManifest.xml:13:5-71
	android:name
		ADDED from [Moments:IMKit:unspecified] AndroidManifest.xml:25:22-68
uses-permission#android.permission.VIBRATE
ADDED from [Moments:IMKit:unspecified] AndroidManifest.xml:27:5-66
	android:name
		ADDED from [Moments:IMKit:unspecified] AndroidManifest.xml:27:22-63
uses-permission#android.permission.WRITE_SETTINGS
ADDED from [Moments:IMKit:unspecified] AndroidManifest.xml:30:5-73
	android:name
		ADDED from [Moments:IMKit:unspecified] AndroidManifest.xml:30:22-70
uses-permission#android.permission.MODIFY_AUDIO_SETTINGS
ADDED from [Moments:IMKit:unspecified] AndroidManifest.xml:31:5-80
	android:name
		ADDED from [Moments:IMKit:unspecified] AndroidManifest.xml:31:22-77
uses-permission#android.permission.RECEIVE_BOOT_COMPLETED
ADDED from [Moments:IMKit:unspecified] AndroidManifest.xml:32:5-81
	android:name
		ADDED from [Moments:IMKit:unspecified] AndroidManifest.xml:32:22-78
service#io.rong.push.PushService
ADDED from [Moments:IMKit:unspecified] AndroidManifest.xml:38:9-46:19
	android:process
		ADDED from [Moments:IMKit:unspecified] AndroidManifest.xml:40:13-43
	android:name
		ADDED from [Moments:IMKit:unspecified] AndroidManifest.xml:39:13-52
intent-filter#android.intent.category.DEFAULT+io.rong.push
ADDED from [Moments:IMKit:unspecified] AndroidManifest.xml:41:13-45:29
action#io.rong.push
ADDED from [Moments:IMKit:unspecified] AndroidManifest.xml:44:17-55
	android:name
		ADDED from [Moments:IMKit:unspecified] AndroidManifest.xml:44:25-52
service#io.rong.push.CommandService
ADDED from [Moments:IMKit:unspecified] AndroidManifest.xml:47:9-55:19
	android:process
		ADDED from [Moments:IMKit:unspecified] AndroidManifest.xml:49:13-43
	android:name
		ADDED from [Moments:IMKit:unspecified] AndroidManifest.xml:48:13-55
intent-filter#android.intent.category.DEFAULT+io.rong.command
ADDED from [Moments:IMKit:unspecified] AndroidManifest.xml:50:13-54:29
action#io.rong.command
ADDED from [Moments:IMKit:unspecified] AndroidManifest.xml:53:17-58
	android:name
		ADDED from [Moments:IMKit:unspecified] AndroidManifest.xml:53:25-55
receiver#io.rong.push.PushReceiver
ADDED from [Moments:IMKit:unspecified] AndroidManifest.xml:57:9-79:20
	android:process
		ADDED from [Moments:IMKit:unspecified] AndroidManifest.xml:59:13-43
	android:name
		ADDED from [Moments:IMKit:unspecified] AndroidManifest.xml:58:13-53
intent-filter#io.rong.imlib.action.push.heartbeat
ADDED from [Moments:IMKit:unspecified] AndroidManifest.xml:60:13-62:29
action#io.rong.imlib.action.push.heartbeat
ADDED from [Moments:IMKit:unspecified] AndroidManifest.xml:61:17-78
	android:name
		ADDED from [Moments:IMKit:unspecified] AndroidManifest.xml:61:25-75
intent-filter#android.net.conn.CONNECTIVITY_CHANGE
ADDED from [Moments:IMKit:unspecified] AndroidManifest.xml:63:13-65:29
action#android.net.conn.CONNECTIVITY_CHANGE
ADDED from [Moments:IMKit:unspecified] AndroidManifest.xml:64:17-79
	android:name
		ADDED from [Moments:IMKit:unspecified] AndroidManifest.xml:64:25-76
intent-filter#android.intent.action.BOOT_COMPLETED
ADDED from [Moments:IMKit:unspecified] AndroidManifest.xml:66:13-68:29
action#android.intent.action.BOOT_COMPLETED
ADDED from [Moments:IMKit:unspecified] AndroidManifest.xml:67:17-79
	android:name
		ADDED from [Moments:IMKit:unspecified] AndroidManifest.xml:67:25-76
intent-filter#android.intent.action.ACTION_POWER_CONNECTED+android.intent.action.ACTION_POWER_DISCONNECTED+android.intent.action.USER_PRESENT
ADDED from [Moments:IMKit:unspecified] AndroidManifest.xml:69:13-73:29
action#android.intent.action.USER_PRESENT
ADDED from [Moments:IMKit:unspecified] AndroidManifest.xml:70:17-77
	android:name
		ADDED from [Moments:IMKit:unspecified] AndroidManifest.xml:70:25-74
action#android.intent.action.ACTION_POWER_CONNECTED
ADDED from [Moments:IMKit:unspecified] AndroidManifest.xml:71:17-87
	android:name
		ADDED from [Moments:IMKit:unspecified] AndroidManifest.xml:71:25-84
action#android.intent.action.ACTION_POWER_DISCONNECTED
ADDED from [Moments:IMKit:unspecified] AndroidManifest.xml:72:17-90
	android:name
		ADDED from [Moments:IMKit:unspecified] AndroidManifest.xml:72:25-87
intent-filter#android.intent.action.PACKAGE_REMOVED
ADDED from [Moments:IMKit:unspecified] AndroidManifest.xml:74:13-78:29
action#android.intent.action.PACKAGE_REMOVED
ADDED from [Moments:IMKit:unspecified] AndroidManifest.xml:75:17-80
	android:name
		ADDED from [Moments:IMKit:unspecified] AndroidManifest.xml:75:25-77
activity#io.rong.imkit.tools.SelectPictureActivity
ADDED from [Moments:IMKit:unspecified] AndroidManifest.xml:81:9-83:52
	android:screenOrientation
		ADDED from [Moments:IMKit:unspecified] AndroidManifest.xml:83:13-49
	android:name
		ADDED from [Moments:IMKit:unspecified] AndroidManifest.xml:82:13-69
activity#io.rong.imkit.tools.PreviewPictureActivity
ADDED from [Moments:IMKit:unspecified] AndroidManifest.xml:84:9-86:52
	android:screenOrientation
		ADDED from [Moments:IMKit:unspecified] AndroidManifest.xml:86:13-49
	android:name
		ADDED from [Moments:IMKit:unspecified] AndroidManifest.xml:85:13-70
activity#io.rong.imkit.tools.RongWebviewActivity
ADDED from [Moments:IMKit:unspecified] AndroidManifest.xml:87:9-89:52
	android:screenOrientation
		ADDED from [Moments:IMKit:unspecified] AndroidManifest.xml:89:13-49
	android:name
		ADDED from [Moments:IMKit:unspecified] AndroidManifest.xml:88:13-67
activity#io.rong.imkit.widget.provider.TakingPicturesActivity
ADDED from [Moments:IMKit:unspecified] AndroidManifest.xml:90:9-93:52
	android:screenOrientation
		ADDED from [Moments:IMKit:unspecified] AndroidManifest.xml:93:13-49
	android:configChanges
		ADDED from [Moments:IMKit:unspecified] AndroidManifest.xml:92:13-63
	android:name
		ADDED from [Moments:IMKit:unspecified] AndroidManifest.xml:91:13-80
service#io.rong.imlib.ipc.RongService
ADDED from [Moments:IMKit:unspecified] AndroidManifest.xml:95:9-98:19
	android:process
		ADDED from [Moments:IMKit:unspecified] AndroidManifest.xml:97:13-35
	android:name
		ADDED from [Moments:IMKit:unspecified] AndroidManifest.xml:96:13-57
service#io.rong.imlib.ReConnectService
ADDED from [Moments:IMKit:unspecified] AndroidManifest.xml:99:9-66
	android:name
		ADDED from [Moments:IMKit:unspecified] AndroidManifest.xml:99:18-63
receiver#io.rong.imlib.ConnectChangeReceiver
ADDED from [Moments:IMKit:unspecified] AndroidManifest.xml:101:9-72
	android:name
		ADDED from [Moments:IMKit:unspecified] AndroidManifest.xml:101:19-69
receiver#io.rong.imlib.ipc.PushMessageReceiver
ADDED from [Moments:IMKit:unspecified] AndroidManifest.xml:102:9-106:20
	android:name
		ADDED from [Moments:IMKit:unspecified] AndroidManifest.xml:102:19-71
intent-filter#io.rong.push.message
ADDED from [Moments:IMKit:unspecified] AndroidManifest.xml:103:13-105:29
action#io.rong.push.message
ADDED from [Moments:IMKit:unspecified] AndroidManifest.xml:104:17-63
	android:name
		ADDED from [Moments:IMKit:unspecified] AndroidManifest.xml:104:25-60
receiver#io.rong.imlib.HeartbeatReceiver
ADDED from [Moments:IMKit:unspecified] AndroidManifest.xml:107:9-109:38
	android:process
		ADDED from [Moments:IMKit:unspecified] AndroidManifest.xml:109:13-35
	android:name
		ADDED from [Moments:IMKit:unspecified] AndroidManifest.xml:108:13-59
meta-data#RONG_CLOUD_APP_KEY
ADDED from [Moments:IMKit:unspecified] AndroidManifest.xml:111:9-113:45
	android:name
		ADDED from [Moments:IMKit:unspecified] AndroidManifest.xml:112:13-46
	android:value
		ADDED from [Moments:IMKit:unspecified] AndroidManifest.xml:113:13-42
permission#android.permission.FLASHLIGHT
ADDED from [Moments:WXLikeVideoRecorderLib:unspecified] AndroidManifest.xml:17:5-20:44
	android:protectionLevel
		ADDED from [Moments:WXLikeVideoRecorderLib:unspecified] AndroidManifest.xml:20:9-41
	android:permissionGroup
		ADDED from [Moments:WXLikeVideoRecorderLib:unspecified] AndroidManifest.xml:19:9-77
	android:name
		ADDED from [Moments:WXLikeVideoRecorderLib:unspecified] AndroidManifest.xml:18:9-53
uses-feature#android.hardware.camera
ADDED from [Moments:WXLikeVideoRecorderLib:unspecified] AndroidManifest.xml:22:5-60
	android:name
		ADDED from [Moments:WXLikeVideoRecorderLib:unspecified] AndroidManifest.xml:22:19-57
uses-feature#android.hardware.camera.front
ADDED from [Moments:WXLikeVideoRecorderLib:unspecified] AndroidManifest.xml:23:5-25:36
	android:required
		ADDED from [Moments:WXLikeVideoRecorderLib:unspecified] AndroidManifest.xml:25:9-33
	android:name
		ADDED from [Moments:WXLikeVideoRecorderLib:unspecified] AndroidManifest.xml:24:9-53